<?xml version="1.0" encoding="UTF-8"?>
<!-- Generated by org.testng.reporters.JUnitReportReporter -->
<testsuite hostname="DESKTOP-H478OSK" failures="0" tests="2" name="vega.tests.SortItemsByPriceLowToHighTest" time="3.198" errors="0" timestamp="2025-02-24T03:15:02 CET" skipped="0">
  <testcase classname="vega.tests.SortItemsByPriceLowToHighTest" name="priceSorting" time="1.416"/>
  <system-out/>
  <testcase classname="vega.tests.SortItemsByPriceLowToHighTest" name="priceSorting" time="1.782"/>
  <system-out/>
</testsuite> <!-- vega.tests.SortItemsByPriceLowToHighTest -->
