<?xml version="1.0" encoding="UTF-8"?>
<!-- Generated by org.testng.reporters.JUnitReportReporter -->
<testsuite hostname="DESKTOP-H478OSK" failures="0" tests="1" name="vega.tests.CheckoutTest" time="3.206" errors="0" timestamp="2025-02-23T21:50:22 CET" skipped="0">
  <testcase classname="vega.tests.CheckoutTest" name="Checkout" time="3.206"/>
  <system-out/>
</testsuite> <!-- vega.tests.CheckoutTest -->
