<?xml version="1.0" encoding="UTF-8"?>
<!-- Generated by org.testng.reporters.JUnitReportReporter -->
<testsuite hostname="DESKTOP-H478OSK" failures="0" tests="1" name="vega.tests.AddRemoveItemsFromCartTest" time="1.776" errors="0" timestamp="2025-02-24T03:18:09 CET" skipped="0">
  <testcase classname="vega.tests.AddRemoveItemsFromCartTest" name="addAndRemoveItemFromCart" time="1.776"/>
  <system-out/>
</testsuite> <!-- vega.tests.AddRemoveItemsFromCartTest -->
