<?xml version="1.0" encoding="UTF-8"?>
<!-- Generated by org.testng.reporters.JUnitReportReporter -->
<testsuite hostname="DESKTOP-H478OSK" failures="0" tests="1" name="vega.tests.LoginTests" time="2.240" errors="0" timestamp="2025-02-19T20:54:52 CET" skipped="0">
  <testcase classname="vega.tests.LoginTests" name="login" time="2.240"/>
  <system-out/>
</testsuite> <!-- vega.tests.LoginTests -->
